<?xml version="1.0" encoding="UTF-8"?>
<testng-results skipped="0" failed="0" ignored="0" total="1" passed="1">
  <reporter-output>
  </reporter-output>
  <suite name="Default suite" duration-ms="60006" started-at="2018-10-22T20:17:33Z" finished-at="2018-10-22T20:18:33Z">
    <groups>
    </groups>
    <test name="Default test" duration-ms="60006" started-at="2018-10-22T20:17:33Z" finished-at="2018-10-22T20:18:33Z">
      <class name="edureka.co.TestAuthentication">
        <test-method status="PASS" signature="testAuthentication()[pri:0, instance:edureka.co.TestAuthentication@c038203]" name="testAuthentication" duration-ms="59968" started-at="2018-10-22T20:17:33Z" finished-at="2018-10-22T20:18:33Z">
          <reporter-output>
          </reporter-output>
        </test-method> <!-- testAuthentication -->
      </class> <!-- edureka.co.TestAuthentication -->
    </test> <!-- Default test -->
  </suite> <!-- Default suite -->
</testng-results>
